<?xml version="1.0" encoding="UTF-8"?>
<!-- Generated by org.testng.reporters.JUnitReportReporter -->
<testsuite hostname="DESKTOP-TMP03FD" failures="0" tests="3" name="files.DynamicJson" time="3.717" errors="0" timestamp="2023-06-01T13:54:40 IST" skipped="0">
  <testcase classname="files.DynamicJson" name="addBook" time="0.271"/>
  <system-out/>
  <testcase classname="files.DynamicJson" name="addBook" time="3.282"/>
  <system-out/>
  <testcase classname="files.DynamicJson" name="addBook" time="0.164"/>
  <system-out/>
</testsuite> <!-- files.DynamicJson -->
